<?xml version="1.0" encoding="UTF-8" ?>
<testsuite failures="0" time="19.24" errors="0" skipped="0" tests="14" name="rql4j.TestRql4j">
  <properties>
[...]
</properties>
  <testcase time="2.001" classname="rql4j.builder.AdministrationBuilderTest" name="testAdministrationBuilderLogin"/>
  <testcase time="0.733" classname="rql4j.builder.AdministrationBuilderTest" name="testAdministrationBuilderValidate"/>
  <testcase time="1.45" classname="rql4j.builder.ProjectsBuilderTest" name="testProjectsBuilderList"/>
  <testcase time="1.022" classname="rql4j.builder.ProjectBuilderTest" name="testProjectBuilderLoad"/>
  <testcase time="1.506" classname="rql4j.builder.ElementsBuilderTest" name="testElementBuilderLoad"/>
  <testcase time="2.1" classname="rql4j.builder.FilesBuilderTest" name="testFilesBuilderListMedia"/>
  <testcase time="0.854" classname="rql4j.builder.FilesBuilderTest" name="testFilesBuilderDeleteFilesMedia"/>
  <testcase time="0.835" classname="rql4j.builder.EltBuilderTest" name="testEltBuilderSave"/>
  <testcase time="0.952" classname="rql4j.builder.FileBuilderTest" name="testFileBuilderSaveMedia"/>
  <testcase time="0.806" classname="rql4j.builder.FileBuilderTest" name="testFileBuilderCheck"/>
  <testcase time="0.817" classname="rql4j.builder.TemplateBuilderTest" name="testTemplateBuilderLoadAll"/>
  <testcase time="0.69" classname="rql4j.builder.TemplateBuilderTest" name="testTemplateBuilderAssign"/>
  <testcase time="1.631" classname="rql4j.builder.TemplateBuilderTest" name="testTemplateBuilderSave"/>
  <testcase time="3.807" classname="rql4j.builder.PageBuilderTest" name="testPageBuilderXSearch"/>
</testsuite>